# JRE version: OpenJDK Runtime Environment (8.0_242-b01) (build 1.8.0_242-release-1644-b01)
# Java VM: OpenJDK 64-Bit Server VM (25.242-b01 mixed mode windows-amd64 compressed oops)
Heap:
 PSYoungGen      total 651264K, used 30206K [0x00000000d5580000, 0x00000000ffa00000, 0x0000000100000000)
  eden space 609792K, 3% used [0x00000000d5580000,0x00000000d6cc7d60,0x00000000fa900000)
  from space 41472K, 15% used [0x00000000fa900000,0x00000000faf37d10,0x00000000fd180000)
  to   space 40960K, 0% used [0x00000000fd200000,0x00000000fd200000,0x00000000ffa00000)
 ParOldGen       total 310272K, used 194299K [0x0000000080000000, 0x0000000092f00000, 0x00000000d5580000)
  object space 310272K, 62% used [0x0000000080000000,0x000000008bdbef40,0x0000000092f00000)
 Metaspace       used 110312K, capacity 116940K, committed 117056K, reserved 1150976K
  class space    used 14409K, capacity 15663K, committed 15744K, reserved 1048576K
GC Heap History (10 events):
Event: 381.004 GC heap before
{Heap before GC invocations=27 (full 4):
 PSYoungGen      total 624640K, used 582736K [0x00000000d5580000, 0x00000000fe880000, 0x0000000100000000)
  eden space 576512K, 100% used [0x00000000d5580000,0x00000000f8880000,0x00000000f8880000)
  from space 48128K, 12% used [0x00000000fb980000,0x00000000fbf94020,0x00000000fe880000)
  to   space 49152K, 0% used [0x00000000f8880000,0x00000000f8880000,0x00000000fb880000)
 ParOldGen       total 310272K, used 163789K [0x0000000080000000, 0x0000000092f00000, 0x00000000d5580000)
  object space 310272K, 52% used [0x0000000080000000,0x0000000089ff36d0,0x0000000092f00000)
 Metaspace       used 110037K, capacity 116596K, committed 116800K, reserved 1150976K
  class space    used 14409K, capacity 15663K, committed 15744K, reserved 1048576K
Event: 381.018 GC heap after
Heap after GC invocations=27 (full 4):
 PSYoungGen      total 625664K, used 8384K [0x00000000d5580000, 0x00000000ffd00000, 0x0000000100000000)
  eden space 576512K, 0% used [0x00000000d5580000,0x00000000d5580000,0x00000000f8880000)
  from space 49152K, 17% used [0x00000000f8880000,0x00000000f90b0000,0x00000000fb880000)
  to   space 47104K, 0% used [0x00000000fcf00000,0x00000000fcf00000,0x00000000ffd00000)
 ParOldGen       total 310272K, used 169074K [0x0000000080000000, 0x0000000092f00000, 0x00000000d5580000)
  object space 310272K, 54% used [0x0000000080000000,0x000000008a51cb28,0x0000000092f00000)
 Metaspace       used 110037K, capacity 116596K, committed 116800K, reserved 1150976K
  class space    used 14409K, capacity 15663K, committed 15744K, reserved 1048576K
}
Event: 381.376 GC heap before
{Heap before GC invocations=28 (full 4):
 PSYoungGen      total 625664K, used 584896K [0x00000000d5580000, 0x00000000ffd00000, 0x0000000100000000)
  eden space 576512K, 100% used [0x00000000d5580000,0x00000000f8880000,0x00000000f8880000)
  from space 49152K, 17% used [0x00000000f8880000,0x00000000f90b0000,0x00000000fb880000)
  to   space 47104K, 0% used [0x00000000fcf00000,0x00000000fcf00000,0x00000000ffd00000)
 ParOldGen       total 310272K, used 169074K [0x0000000080000000, 0x0000000092f00000, 0x00000000d5580000)
  object space 310272K, 54% used [0x0000000080000000,0x000000008a51cb28,0x0000000092f00000)
 Metaspace       used 110052K, capacity 116596K, committed 116800K, reserved 1150976K
  class space    used 14409K, capacity 15663K, committed 15744K, reserved 1048576K
Event: 381.388 GC heap after
Heap after GC invocations=28 (full 4):
 PSYoungGen      total 647680K, used 6624K [0x00000000d5580000, 0x00000000ffb00000, 0x0000000100000000)
  eden space 602624K, 0% used [0x00000000d5580000,0x00000000d5580000,0x00000000fa200000)
  from space 45056K, 14% used [0x00000000fcf00000,0x00000000fd578000,0x00000000ffb00000)
  to   space 45568K, 0% used [0x00000000fa200000,0x00000000fa200000,0x00000000fce80000)
 ParOldGen       total 310272K, used 177098K [0x0000000080000000, 0x0000000092f00000, 0x00000000d5580000)
  object space 310272K, 57% used [0x0000000080000000,0x000000008acf2878,0x0000000092f00000)
 Metaspace       used 110052K, capacity 116596K, committed 116800K, reserved 1150976K
  class space    used 14409K, capacity 15663K, committed 15744K, reserved 1048576K
}
Event: 381.945 GC heap before
{Heap before GC invocations=29 (full 4):
 PSYoungGen      total 647680K, used 609248K [0x00000000d5580000, 0x00000000ffb00000, 0x0000000100000000)
  eden space 602624K, 100% used [0x00000000d5580000,0x00000000fa200000,0x00000000fa200000)
  from space 45056K, 14% used [0x00000000fcf00000,0x00000000fd578000,0x00000000ffb00000)
  to   space 45568K, 0% used [0x00000000fa200000,0x00000000fa200000,0x00000000fce80000)
 ParOldGen       total 310272K, used 177098K [0x0000000080000000, 0x0000000092f00000, 0x00000000d5580000)
  object space 310272K, 57% used [0x0000000080000000,0x000000008acf2878,0x0000000092f00000)
 Metaspace       used 110245K, capacity 116792K, committed 117056K, reserved 1150976K
  class space    used 14409K, capacity 15663K, committed 15744K, reserved 1048576K
Event: 381.958 GC heap after
Heap after GC invocations=29 (full 4):
 PSYoungGen      total 648192K, used 9566K [0x00000000d5580000, 0x00000000ffc80000, 0x0000000100000000)
  eden space 602624K, 0% used [0x00000000d5580000,0x00000000d5580000,0x00000000fa200000)
  from space 45568K, 20% used [0x00000000fa200000,0x00000000fab57a98,0x00000000fce80000)
  to   space 43520K, 0% used [0x00000000fd200000,0x00000000fd200000,0x00000000ffc80000)
 ParOldGen       total 310272K, used 182167K [0x0000000080000000, 0x0000000092f00000, 0x00000000d5580000)
  object space 310272K, 58% used [0x0000000080000000,0x000000008b1e5c00,0x0000000092f00000)
 Metaspace       used 110245K, capacity 116792K, committed 117056K, reserved 1150976K
  class space    used 14409K, capacity 15663K, committed 15744K, reserved 1048576K
}
Event: 382.787 GC heap before
{Heap before GC invocations=30 (full 4):
 PSYoungGen      total 648192K, used 612190K [0x00000000d5580000, 0x00000000ffc80000, 0x0000000100000000)
  eden space 602624K, 100% used [0x00000000d5580000,0x00000000fa200000,0x00000000fa200000)
  from space 45568K, 20% used [0x00000000fa200000,0x00000000fab57a98,0x00000000fce80000)
  to   space 43520K, 0% used [0x00000000fd200000,0x00000000fd200000,0x00000000ffc80000)
 ParOldGen       total 310272K, used 182167K [0x0000000080000000, 0x0000000092f00000, 0x00000000d5580000)
  object space 310272K, 58% used [0x0000000080000000,0x000000008b1e5c00,0x0000000092f00000)
 Metaspace       used 110274K, capacity 116860K, committed 117056K, reserved 1150976K
  class space    used 14409K, capacity 15663K, committed 15744K, reserved 1048576K
Event: 382.806 GC heap after
Heap after GC invocations=30 (full 4):
 PSYoungGen      total 650752K, used 10982K [0x00000000d5580000, 0x00000000ffa00000, 0x0000000100000000)
  eden space 609792K, 0% used [0x00000000d5580000,0x00000000d5580000,0x00000000fa900000)
  from space 40960K, 26% used [0x00000000fd200000,0x00000000fdcb9920,0x00000000ffa00000)
  to   space 41472K, 0% used [0x00000000fa900000,0x00000000fa900000,0x00000000fd180000)
 ParOldGen       total 310272K, used 187444K [0x0000000080000000, 0x0000000092f00000, 0x00000000d5580000)
  object space 310272K, 60% used [0x0000000080000000,0x000000008b70d278,0x0000000092f00000)
 Metaspace       used 110274K, capacity 116860K, committed 117056K, reserved 1150976K
  class space    used 14409K, capacity 15663K, committed 15744K, reserved 1048576K
}
Event: 384.078 GC heap before
{Heap before GC invocations=31 (full 4):
 PSYoungGen      total 650752K, used 620774K [0x00000000d5580000, 0x00000000ffa00000, 0x0000000100000000)
  eden space 609792K, 100% used [0x00000000d5580000,0x00000000fa900000,0x00000000fa900000)
  from space 40960K, 26% used [0x00000000fd200000,0x00000000fdcb9920,0x00000000ffa00000)
  to   space 41472K, 0% used [0x00000000fa900000,0x00000000fa900000,0x00000000fd180000)
 ParOldGen       total 310272K, used 187444K [0x0000000080000000, 0x0000000092f00000, 0x00000000d5580000)
  object space 310272K, 60% used [0x0000000080000000,0x000000008b70d278,0x0000000092f00000)
 Metaspace       used 110312K, capacity 116940K, committed 117056K, reserved 1150976K
  class space    used 14409K, capacity 15663K, committed 15744K, reserved 1048576K
Event: 384.098 GC heap after
Heap after GC invocations=31 (full 4):
 PSYoungGen      total 651264K, used 6367K [0x00000000d5580000, 0x00000000ffa00000, 0x0000000100000000)
  eden space 609792K, 0% used [0x00000000d5580000,0x00000000d5580000,0x00000000fa900000)
  from space 41472K, 15% used [0x00000000fa900000,0x00000000faf37d10,0x00000000fd180000)
  to   space 40960K, 0% used [0x00000000fd200000,0x00000000fd200000,0x00000000ffa00000)
 ParOldGen       total 310272K, used 194299K [0x0000000080000000, 0x0000000092f00000, 0x00000000d5580000)
  object space 310272K, 62% used [0x0000000080000000,0x000000008bdbef40,0x0000000092f00000)
 Metaspace       used 110312K, capacity 116940K, committed 117056K, reserved 1150976K
  class space    used 14409K, capacity 15663K, committed 15744K, reserved 1048576K
}

